polybar|notice:  Parsing config file: /home/renato/.config/polybar/config.secondary
polybar|error: Invalid value for "module/wired-network.format-connected-foreground", using default value (reason: X resource "WormShadows.Accent#222" not found (no fallback set))
polybar|error: Disabling module "wired-network" (reason: Invalid network interface "enp4s0")
polybar|error: Invalid value for "module/wireless-network.format-connected-prefix-foreground", using default value (reason: X resource "WormShadows.Accent#222" not found (no fallback set))
polybar|error: Disabling module "wireless-network" (reason: Invalid network interface "wlp3s0")
polybar|notice:  Loaded font "Noto Sans:style:Regular:pixelsize=15" (name=Noto Sans, offset=3, file=/usr/share/fonts/noto/NotoSans-Regular.ttf)
polybar|notice:  Loaded font "FontAwesome:style=Regular:pixelsize=15" (name=FontAwesome, offset=3, file=/home/renato/.fonts/f/FontAwesome.otf)
polybar|notice:  Loaded font "Font Awesome 5 Free Regular:style=Regular:pixelsize=15" (name=Font Awesome 5 Free, offset=3, file=/home/renato/.fonts/f/Font_Awesome_5_Free_Regular_400.otf)
polybar|notice:  Loaded font "Font Awesome 5 Brands Regular:style=Regular:pixelsize=15" (name=Font Awesome 5 Brands, offset=3, file=/home/renato/.fonts/f/Font_Awesome_5_Brands_Regular_400.otf)
polybar|notice:  Loaded font "icomoon:size=15:antialias=false" (name=Noto Sans, offset=2, file=/usr/share/fonts/noto/NotoSans-Regular.ttf)
polybar|notice:  Loaded font "Terminus:size=15:antialias=true" (name=Noto Sans, offset=1, file=/usr/share/fonts/noto/NotoSans-Regular.ttf)
polybar|warn:  module/i3: Attempting to reconnect socket (reason: Unexpected EOF while reading header)
polybar|error: module/i3: Failed to reconnect socket (reason: Failed to connect to i3: errno 2 (No such file or directory))
polybar|warn:  module/i3: Attempting to reconnect socket (reason: Failed to read header from socket 0x7: errno 22 (Invalid argument))
polybar|error: module/i3: Failed to reconnect socket (reason: Failed to connect to i3: errno 2 (No such file or directory))
polybar|warn:  module/i3: Attempting to reconnect socket (reason: Failed to read header from socket 0x7: errno 22 (Invalid argument))
polybar|warn:  module/i3: Attempting to reconnect socket (reason: Unexpected EOF while reading header)
polybar|error: module/i3: Failed to reconnect socket (reason: Failed to connect to i3: errno 2 (No such file or directory))
polybar|warn:  module/i3: Attempting to reconnect socket (reason: Failed to read header from socket 0x7: errno 22 (Invalid argument))
polybar|error: module/i3: Failed to reconnect socket (reason: Failed to connect to i3: errno 2 (No such file or directory))
polybar|warn:  module/i3: Attempting to reconnect socket (reason: Failed to read header from socket 0x7: errno 22 (Invalid argument))
