polybar|notice:  Parsing config file: /home/renato/.config/polybar/config
polybar|error: Invalid value for "module/wired-network.format-connected-foreground", using default value (reason: X resource "WormShadows.Accent#222" not found (no fallback set))
polybar|error: Invalid value for "module/wireless-network.format-connected-prefix-foreground", using default value (reason: X resource "WormShadows.Accent#222" not found (no fallback set))
polybar|warn:  The config parameter `module/keyboard.label-indicator` is deprecated, use `module/keyboard.label-indicator-on` instead.
polybar|error: Disabling module "volume" (reason: Cannot find simple element)
polybar|notice:  Loaded font "Noto Sans:style:Regular:pixelsize=12" (name=Noto Sans, offset=3, file=/usr/share/fonts/noto/NotoSans-Regular.ttf)
polybar|notice:  Loaded font "FontAwesome:style=Regular:pixelsize=12" (name=FontAwesome, offset=3, file=/home/renato/.fonts/f/FontAwesome.otf)
polybar|notice:  Loaded font "Font Awesome 5 Free Regular:style=Regular:pixelsize=12" (name=Font Awesome 5 Free, offset=3, file=/home/renato/.fonts/f/Font_Awesome_5_Free_Regular_400.otf)
polybar|notice:  Loaded font "Font Awesome 5 Brands Regular:style=Regular:pixelsize=12" (name=Font Awesome 5 Brands, offset=3, file=/home/renato/.fonts/f/Font_Awesome_5_Brands_Regular_400.otf)
polybar|notice:  Loaded font "icomoon:size=12:antialias=false" (name=Noto Sans, offset=2, file=/usr/share/fonts/noto/NotoSans-Regular.ttf)
polybar|notice:  Loaded font "Terminus:size=12:antialias=true" (name=Noto Sans, offset=1, file=/usr/share/fonts/noto/NotoSans-Regular.ttf)
polybar|warn:  tray-transparent is deprecated, the tray always uses pseudo-transparency. Please remove it.
polybar|error: tray: Failed to put tray above 0x0a00001 in the stack (XCB_MATCH (8))
polybar|warn:  module/i3: Attempting to reconnect socket (reason: Unexpected EOF while reading header)
polybar|error: module/i3: Failed to reconnect socket (reason: Failed to connect to i3: errno 2 (No such file or directory))
polybar|warn:  module/i3: Attempting to reconnect socket (reason: Failed to read header from socket 0xa: errno 22 (Invalid argument))
polybar|error: module/i3: Failed to reconnect socket (reason: Failed to connect to i3: errno 2 (No such file or directory))
polybar|warn:  module/i3: Attempting to reconnect socket (reason: Failed to read header from socket 0xa: errno 22 (Invalid argument))
polybar|error: Failed to reconfigure tray client, removing... (XCB_WINDOW (3))
polybar|warn:  module/i3: Attempting to reconnect socket (reason: Unexpected EOF while reading header)
polybar|error: module/i3: Failed to reconnect socket (reason: Failed to connect to i3: errno 2 (No such file or directory))
polybar|warn:  module/i3: Attempting to reconnect socket (reason: Failed to read header from socket 0xa: errno 22 (Invalid argument))
polybar|error: module/i3: Failed to reconnect socket (reason: Failed to connect to i3: errno 2 (No such file or directory))
polybar|warn:  module/i3: Attempting to reconnect socket (reason: Failed to read header from socket 0xa: errno 22 (Invalid argument))
